<?xml version="1.0" encoding="UTF-8"?>
<testng-results ignored="0" total="1" passed="1" failed="0" skipped="0">
  <reporter-output>
  </reporter-output>
  <suite started-at="2024-02-03T15:58:45 IST" name="Default suite" finished-at="2024-02-03T15:58:49 IST" duration-ms="4724">
    <groups>
    </groups>
    <test started-at="2024-02-03T15:58:45 IST" name="Default test" finished-at="2024-02-03T15:58:49 IST" duration-ms="4724">
      <class name="ems.Authorization.OAuth2Example">
        <test-method signature="OAuth2()[pri:0, instance:ems.Authorization.OAuth2Example@2145b572]" started-at="2024-02-03T15:58:45 IST" name="OAuth2" finished-at="2024-02-03T15:58:49 IST" duration-ms="4640" status="PASS">
          <reporter-output>
          </reporter-output>
        </test-method> <!-- OAuth2 -->
      </class> <!-- ems.Authorization.OAuth2Example -->
    </test> <!-- Default test -->
  </suite> <!-- Default suite -->
</testng-results>
